<?xml version="1.0" encoding="UTF-8"?>
<testng-results skipped="0" failed="1" ignored="0" total="1" passed="0">
  <reporter-output>
  </reporter-output>
  <suite name="Default suite" duration-ms="36936" started-at="2017-12-15T14:13:37Z" finished-at="2017-12-15T14:14:14Z">
    <groups>
    </groups>
    <test name="Default test" duration-ms="36936" started-at="2017-12-15T14:13:37Z" finished-at="2017-12-15T14:14:14Z">
      <class name="com.apidemo.testcase.Check">
        <test-method status="FAIL" signature="f()[pri:0, instance:com.apidemo.testcase.Check@57baeedf]" name="f" duration-ms="36907" started-at="2017-12-15T19:43:37Z" finished-at="2017-12-15T19:44:14Z">
          <exception class="org.openqa.selenium.WebDriverException">
            <message>
              <![CDATA[An unknown server-side error occurred while processing the command. (WARNING: The server did not provide any stacktrace information)
Command duration or timeout: 0 milliseconds
Build info: version: '3.5.3', revision: 'a88d25fe6b', time: '2017-08-29T12:42:44.417Z'
System info: host: 'USER-PC', ip: '192.168.1.6', os.name: 'Windows 7', os.arch: 'amd64', os.version: '6.1', java.version: '1.8.0_144'
Driver info: io.appium.java_client.android.AndroidDriver
Capabilities [{app=D:\appiumcode\ApiDemos\apkFolder\ApiDemos-debug.apk, appPackage=io.appium.android.apis, deviceScreenSize=1080x1920, networkConnectionEnabled=true, warnings={}, appWaitPackage=io.appium.android.apis, appWaitActivity=io.appium.android.apis.ApiDemos, databaseEnabled=false, deviceName=3UMDU16114005129, platform=LINUX, deviceUDID=3UMDU16114005129, appActivity=io.appium.android.apis.ApiDemos, desired={app=D:\appiumcode\ApiDemos\apkFolder\ApiDemos-debug.apk, newCommandTimeout=25, platformName=Android, deviceName=android device}, newCommandTimeout=25, platformVersion=6.0.1, webStorageEnabled=false, locationContextEnabled=false, takesScreenshot=true, javascriptEnabled=true, deviceModel=KIW-L22, deviceManufacturer=HUAWEI, platformName=LINUX}]
Session ID: fc93fd24-25f1-4cfa-a818-925c7c517cc0]]>
            </message>
            <full-stacktrace>
              <![CDATA[org.openqa.selenium.WebDriverException: An unknown server-side error occurred while processing the command. (WARNING: The server did not provide any stacktrace information)
Command duration or timeout: 0 milliseconds
Build info: version: '3.5.3', revision: 'a88d25fe6b', time: '2017-08-29T12:42:44.417Z'
System info: host: 'USER-PC', ip: '192.168.1.6', os.name: 'Windows 7', os.arch: 'amd64', os.version: '6.1', java.version: '1.8.0_144'
Driver info: io.appium.java_client.android.AndroidDriver
Capabilities [{app=D:\appiumcode\ApiDemos\apkFolder\ApiDemos-debug.apk, appPackage=io.appium.android.apis, deviceScreenSize=1080x1920, networkConnectionEnabled=true, warnings={}, appWaitPackage=io.appium.android.apis, appWaitActivity=io.appium.android.apis.ApiDemos, databaseEnabled=false, deviceName=3UMDU16114005129, platform=LINUX, deviceUDID=3UMDU16114005129, appActivity=io.appium.android.apis.ApiDemos, desired={app=D:\appiumcode\ApiDemos\apkFolder\ApiDemos-debug.apk, newCommandTimeout=25, platformName=Android, deviceName=android device}, newCommandTimeout=25, platformVersion=6.0.1, webStorageEnabled=false, locationContextEnabled=false, takesScreenshot=true, javascriptEnabled=true, deviceModel=KIW-L22, deviceManufacturer=HUAWEI, platformName=LINUX}]
Session ID: fc93fd24-25f1-4cfa-a818-925c7c517cc0
	at sun.reflect.NativeConstructorAccessorImpl.newInstance0(Native Method)
	at sun.reflect.NativeConstructorAccessorImpl.newInstance(Unknown Source)
	at sun.reflect.DelegatingConstructorAccessorImpl.newInstance(Unknown Source)
	at java.lang.reflect.Constructor.newInstance(Unknown Source)
	at org.openqa.selenium.remote.ErrorHandler.createThrowable(ErrorHandler.java:215)
	at org.openqa.selenium.remote.ErrorHandler.throwIfResponseFailed(ErrorHandler.java:167)
	at org.openqa.selenium.remote.http.JsonHttpResponseCodec.reconstructValue(JsonHttpResponseCodec.java:40)
	at org.openqa.selenium.remote.http.AbstractHttpResponseCodec.decode(AbstractHttpResponseCodec.java:82)
	at org.openqa.selenium.remote.http.AbstractHttpResponseCodec.decode(AbstractHttpResponseCodec.java:45)
	at org.openqa.selenium.remote.HttpCommandExecutor.execute(HttpCommandExecutor.java:164)
	at io.appium.java_client.remote.AppiumCommandExecutor.execute(AppiumCommandExecutor.java:89)
	at org.openqa.selenium.remote.RemoteWebDriver.execute(RemoteWebDriver.java:646)
	at io.appium.java_client.DefaultGenericMobileDriver.execute(DefaultGenericMobileDriver.java:42)
	at io.appium.java_client.AppiumDriver.execute(AppiumDriver.java:1)
	at io.appium.java_client.android.AndroidDriver.execute(AndroidDriver.java:1)
	at io.appium.java_client.PerformsTouchActions.performTouchAction(PerformsTouchActions.java:41)
	at io.appium.java_client.TouchAction.perform(TouchAction.java:325)
	at com.apidemo.pageclasses.Content.scrollInspinner(Content.java:197)
	at com.apidemo.testcase.Check.f(Check.java:49)
	at sun.reflect.NativeMethodAccessorImpl.invoke0(Native Method)
	at sun.reflect.NativeMethodAccessorImpl.invoke(Unknown Source)
	at sun.reflect.DelegatingMethodAccessorImpl.invoke(Unknown Source)
	at java.lang.reflect.Method.invoke(Unknown Source)
	at org.testng.internal.MethodInvocationHelper.invokeMethod(MethodInvocationHelper.java:108)
	at org.testng.internal.Invoker.invokeMethod(Invoker.java:661)
	at org.testng.internal.Invoker.invokeTestMethod(Invoker.java:869)
	at org.testng.internal.Invoker.invokeTestMethods(Invoker.java:1193)
	at org.testng.internal.TestMethodWorker.invokeTestMethods(TestMethodWorker.java:126)
	at org.testng.internal.TestMethodWorker.run(TestMethodWorker.java:109)
	at org.testng.TestRunner.privateRun(TestRunner.java:744)
	at org.testng.TestRunner.run(TestRunner.java:602)
	at org.testng.SuiteRunner.runTest(SuiteRunner.java:380)
	at org.testng.SuiteRunner.runSequentially(SuiteRunner.java:375)
	at org.testng.SuiteRunner.privateRun(SuiteRunner.java:340)
	at org.testng.SuiteRunner.run(SuiteRunner.java:289)
	at org.testng.SuiteRunnerWorker.runSuite(SuiteRunnerWorker.java:52)
	at org.testng.SuiteRunnerWorker.run(SuiteRunnerWorker.java:86)
	at org.testng.TestNG.runSuitesSequentially(TestNG.java:1301)
	at org.testng.TestNG.runSuitesLocally(TestNG.java:1226)
	at org.testng.TestNG.runSuites(TestNG.java:1144)
	at org.testng.TestNG.run(TestNG.java:1115)
	at org.testng.remote.AbstractRemoteTestNG.run(AbstractRemoteTestNG.java:132)
	at org.testng.remote.RemoteTestNG.initAndRun(RemoteTestNG.java:230)
	at org.testng.remote.RemoteTestNG.main(RemoteTestNG.java:76)
]]>
            </full-stacktrace>
          </exception> <!-- org.openqa.selenium.WebDriverException -->
          <reporter-output>
          </reporter-output>
        </test-method> <!-- f -->
      </class> <!-- com.apidemo.testcase.Check -->
    </test> <!-- Default test -->
  </suite> <!-- Default suite -->
</testng-results>
